[debug] [2020-05-13T07:15:46.907Z] ----------------------------------------------------------------------
[debug] [2020-05-13T07:15:46.909Z] Command:       /usr/local/bin/node /usr/local/bin/firebase serve
[debug] [2020-05-13T07:15:46.909Z] CLI Version:   8.2.0
[debug] [2020-05-13T07:15:46.909Z] Platform:      darwin
[debug] [2020-05-13T07:15:46.909Z] Node Version:  v10.16.3
[debug] [2020-05-13T07:15:46.910Z] Time:          Wed May 13 2020 17:15:46 GMT+1000 (Australian Eastern Standard Time)
[debug] [2020-05-13T07:15:46.910Z] ----------------------------------------------------------------------
[debug] [2020-05-13T07:15:46.910Z] 
[debug] [2020-05-13T07:15:46.918Z] > command requires scopes: ["email","openid","https://www.googleapis.com/auth/cloudplatformprojects.readonly","https://www.googleapis.com/auth/firebase","https://www.googleapis.com/auth/cloud-platform"]
[debug] [2020-05-13T07:15:46.918Z] > authorizing via signed-in user
[debug] [2020-05-13T07:15:46.918Z] [iam] checking project userauthenticationwithfirebase for permissions ["firebase.projects.get"]
[debug] [2020-05-13T07:15:46.921Z] >>> HTTP REQUEST POST https://cloudresourcemanager.googleapis.com/v1/projects/userauthenticationwithfirebase:testIamPermissions  
 {"permissions":["firebase.projects.get"]}
[debug] [2020-05-13T07:15:48.428Z] <<< HTTP RESPONSE 200 {"content-type":"application/json; charset=UTF-8","vary":"X-Origin, Referer, Origin,Accept-Encoding","date":"Wed, 13 May 2020 07:15:48 GMT","server":"ESF","cache-control":"private","x-xss-protection":"0","x-frame-options":"SAMEORIGIN","x-content-type-options":"nosniff","server-timing":"gfet4t7; dur=1167","alt-svc":"h3-27=\":443\"; ma=2592000,h3-25=\":443\"; ma=2592000,h3-T050=\":443\"; ma=2592000,h3-Q050=\":443\"; ma=2592000,h3-Q049=\":443\"; ma=2592000,h3-Q048=\":443\"; ma=2592000,h3-Q046=\":443\"; ma=2592000,h3-Q043=\":443\"; ma=2592000,quic=\":443\"; ma=2592000; v=\"46,43\"","accept-ranges":"none","transfer-encoding":"chunked"}
[debug] [2020-05-13T07:15:48.430Z] >>> HTTP REQUEST GET https://firebase.googleapis.com/v1beta1/projects/userauthenticationwithfirebase  
 
[debug] [2020-05-13T07:15:48.964Z] <<< HTTP RESPONSE 200 {"content-type":"application/json; charset=UTF-8","vary":"X-Origin, Referer, Origin,Accept-Encoding","date":"Wed, 13 May 2020 07:15:48 GMT","server":"ESF","cache-control":"private","x-xss-protection":"0","x-frame-options":"SAMEORIGIN","x-content-type-options":"nosniff","alt-svc":"h3-27=\":443\"; ma=2592000,h3-25=\":443\"; ma=2592000,h3-Q050=\":443\"; ma=2592000,h3-Q049=\":443\"; ma=2592000,h3-Q048=\":443\"; ma=2592000,h3-Q046=\":443\"; ma=2592000,h3-Q043=\":443\"; ma=2592000,quic=\":443\"; ma=2592000; v=\"46,43\"","accept-ranges":"none","transfer-encoding":"chunked"}
[info] 
[info] === Serving from '/Users/avishekbhusal/Desktop/user-auth'...
[info] 
[debug] [2020-05-13T07:15:48.968Z] >>> HTTP REQUEST GET https://firebase.googleapis.com/v1beta1/projects/userauthenticationwithfirebase/webApps/-/config  
 
[debug] [2020-05-13T07:15:50.062Z] <<< HTTP RESPONSE 200 {"content-type":"application/json; charset=UTF-8","vary":"X-Origin, Referer, Origin,Accept-Encoding","date":"Wed, 13 May 2020 07:15:49 GMT","server":"ESF","cache-control":"private","x-xss-protection":"0","x-frame-options":"SAMEORIGIN","x-content-type-options":"nosniff","alt-svc":"h3-27=\":443\"; ma=2592000,h3-25=\":443\"; ma=2592000,h3-Q050=\":443\"; ma=2592000,h3-Q049=\":443\"; ma=2592000,h3-Q048=\":443\"; ma=2592000,h3-Q046=\":443\"; ma=2592000,h3-Q043=\":443\"; ma=2592000,quic=\":443\"; ma=2592000; v=\"46,43\"","accept-ranges":"none","transfer-encoding":"chunked"}
[info] i  hosting: Serving hosting files from: build
[info] ✔  hosting: Local server: http://localhost:5000
